Build started 1/7/2013 10:30:41 PM.
     1>Project "C:\Users\Jesse\Documents\GitHub\Portfolio\C++\Minesweeper\Minesweeper.vcxproj" on node 2 (build target(s)).
     1>InitializeBuildStatus:
         Creating "Debug\Minesweeper.unsuccessfulbuild" because "AlwaysCreate" was specified.
       ClCompile:
         C:\Program Files (x86)\Microsoft Visual Studio 10.0\VC\bin\CL.exe /c /ZI /nologo /W3 /WX- /Od /Oy- /D WIN32 /D _DEBUG /D _CONSOLE /D _UNICODE /D UNICODE /Gm /EHsc /RTC1 /MDd /GS /fp:precise /Zc:wchar_t /Zc:forScope /Fo"Debug\\" /Fd"Debug\vc100.pdb" /Gd /TP /analyze- /errorReport:prompt main.cpp
         main.cpp
       ManifestResourceCompile:
         C:\Program Files (x86)\Microsoft SDKs\Windows\v7.0A\bin\rc.exe /nologo /fo"Debug\Minesweeper.exe.embed.manifest.res" Debug\Minesweeper_manifest.rc 
       Link:
         C:\Program Files (x86)\Microsoft Visual Studio 10.0\VC\bin\link.exe /ERRORREPORT:PROMPT /OUT:"C:\Users\Jesse\Documents\GitHub\Portfolio\C++\Minesweeper\Debug\Minesweeper.exe" /INCREMENTAL /NOLOGO /LIBPATH:"C:\Program Files (x86)\Microsoft Visual Studio 10.0\VC\lib" /LIBPATH:"C:\Program Files (x86)\Microsoft SDKs\Windows\v7.0A\Lib" SDL.lib SDLmain.lib SDL_image.lib kernel32.lib user32.lib gdi32.lib winspool.lib comdlg32.lib advapi32.lib shell32.lib ole32.lib oleaut32.lib uuid.lib odbc32.lib odbccp32.lib /MANIFEST /ManifestFile:"Debug\Minesweeper.exe.intermediate.manifest" /MANIFESTUAC:"level='asInvoker' uiAccess='false'" /DEBUG /PDB:"C:\Users\Jesse\Documents\GitHub\Portfolio\C++\Minesweeper\Debug\Minesweeper.pdb" /SUBSYSTEM:CONSOLE /TLBID:1 /DYNAMICBASE /NXCOMPAT /IMPLIB:"C:\Users\Jesse\Documents\GitHub\Portfolio\C++\Minesweeper\Debug\Minesweeper.lib" /MACHINE:X86 Debug\Minesweeper.exe.embed.manifest.res
         Debug\main.obj
     1>MSVCRTD.lib(cinitexe.obj) : warning LNK4098: defaultlib 'msvcrt.lib' conflicts with use of other libs; use /NODEFAULTLIB:library
       Manifest:
         C:\Program Files (x86)\Microsoft SDKs\Windows\v7.0A\bin\mt.exe /nologo /verbose /out:"Debug\Minesweeper.exe.embed.manifest" /manifest Debug\Minesweeper.exe.intermediate.manifest
         C:\Program Files (x86)\Microsoft SDKs\Windows\v7.0A\bin\rc.exe /nologo /fo"Debug\Minesweeper.exe.embed.manifest.res" Debug\Minesweeper_manifest.rc 
       LinkEmbedManifest:
         C:\Program Files (x86)\Microsoft Visual Studio 10.0\VC\bin\link.exe /ERRORREPORT:PROMPT /OUT:"C:\Users\Jesse\Documents\GitHub\Portfolio\C++\Minesweeper\Debug\Minesweeper.exe" /INCREMENTAL /NOLOGO /LIBPATH:"C:\Program Files (x86)\Microsoft Visual Studio 10.0\VC\lib" /LIBPATH:"C:\Program Files (x86)\Microsoft SDKs\Windows\v7.0A\Lib" SDL.lib SDLmain.lib SDL_image.lib kernel32.lib user32.lib gdi32.lib winspool.lib comdlg32.lib advapi32.lib shell32.lib ole32.lib oleaut32.lib uuid.lib odbc32.lib odbccp32.lib /MANIFEST /ManifestFile:"Debug\Minesweeper.exe.intermediate.manifest" /MANIFESTUAC:"level='asInvoker' uiAccess='false'" /DEBUG /PDB:"C:\Users\Jesse\Documents\GitHub\Portfolio\C++\Minesweeper\Debug\Minesweeper.pdb" /SUBSYSTEM:CONSOLE /TLBID:1 /DYNAMICBASE /NXCOMPAT /IMPLIB:"C:\Users\Jesse\Documents\GitHub\Portfolio\C++\Minesweeper\Debug\Minesweeper.lib" /MACHINE:X86 Debug\Minesweeper.exe.embed.manifest.res
         Debug\main.obj
     1>MSVCRTD.lib(cinitexe.obj) : warning LNK4098: defaultlib 'msvcrt.lib' conflicts with use of other libs; use /NODEFAULTLIB:library
         Minesweeper.vcxproj -> C:\Users\Jesse\Documents\GitHub\Portfolio\C++\Minesweeper\Debug\Minesweeper.exe
       FinalizeBuildStatus:
         Deleting file "Debug\Minesweeper.unsuccessfulbuild".
         Touching "Debug\Minesweeper.lastbuildstate".
     1>Done Building Project "C:\Users\Jesse\Documents\GitHub\Portfolio\C++\Minesweeper\Minesweeper.vcxproj" (build target(s)).

Build succeeded.

Time Elapsed 00:00:06.84
