D:\PROJECTS\GUIPROJECT\SIMULATIONGUI\DEBUG\ACCURATETIMER.OBJ
D:\Projects\GUIProject\SimulationGUI\Debug\cl.command.1.tlog
D:\Projects\GUIProject\SimulationGUI\Debug\CL.read.1.tlog
D:\Projects\GUIProject\SimulationGUI\Debug\CL.write.1.tlog
D:\Projects\GUIProject\SimulationGUI\Debug\custombuild.command.1.tlog
D:\Projects\GUIProject\SimulationGUI\Debug\custombuild.read.1.tlog
D:\Projects\GUIProject\SimulationGUI\Debug\custombuild.write.1.tlog
D:\Projects\GUIProject\SimulationGUI\Debug\link.command.1.tlog
D:\Projects\GUIProject\SimulationGUI\Debug\link.read.1.tlog
D:\Projects\GUIProject\SimulationGUI\Debug\link.write.1.tlog
D:\PROJECTS\GUIPROJECT\SIMULATIONGUI\DEBUG\MAIN.OBJ
D:\PROJECTS\GUIPROJECT\SIMULATIONGUI\DEBUG\MOC_ACCURATETIMER.OBJ
D:\PROJECTS\GUIPROJECT\SIMULATIONGUI\DEBUG\MOC_SIMULATIONGUI.OBJ
D:\Projects\GUIProject\SimulationGUI\Debug\mt.command.1.tlog
D:\Projects\GUIProject\SimulationGUI\Debug\mt.read.1.tlog
D:\Projects\GUIProject\SimulationGUI\Debug\mt.write.1.tlog
D:\PROJECTS\GUIPROJECT\SIMULATIONGUI\DEBUG\PRECOMPILEDHEADER.OBJ
D:\PROJECTS\GUIPROJECT\SIMULATIONGUI\DEBUG\QRC_SIMULATIONGUI.OBJ
D:\PROJECTS\GUIPROJECT\SIMULATIONGUI\DEBUG\SIMULATIONCONTROLLER.OBJ
D:\PROJECTS\GUIPROJECT\SIMULATIONGUI\DEBUG\SIMULATIONGUI.EXE.INTERMEDIATE.MANIFEST
D:\PROJECTS\GUIPROJECT\SIMULATIONGUI\DEBUG\SIMULATIONGUI.OBJ
D:\PROJECTS\GUIPROJECT\SIMULATIONGUI\DEBUG\VC100.PDB
D:\PROJECTS\GUIPROJECT\SIMULATIONGUI\GENERATEDFILES\DEBUG\MOC_ACCURATETIMER.CPP
D:\PROJECTS\GUIPROJECT\SIMULATIONGUI\GENERATEDFILES\DEBUG\MOC_SIMULATIONGUI.CPP
D:\PROJECTS\GUIPROJECT\SIMULATIONGUI\GENERATEDFILES\QRC_SIMULATIONGUI.CPP
D:\PROJECTS\GUIPROJECT\SIMULATIONGUI\GENERATEDFILES\UI_SIMULATIONGUI.H
D:\PROJECTS\GUIPROJECT\WIN32\DEBUG\SIMULATIONGUI.EXE
D:\PROJECTS\GUIPROJECT\WIN32\DEBUG\SIMULATIONGUI.ILK
D:\PROJECTS\GUIPROJECT\WIN32\DEBUG\SIMULATIONGUI.PDB
