Build started 10/11/2012 9:37:34 AM.
     1>Project "D:\Projects\GUIProject\SimulationGUI\SimulationGUI.vcxproj" on node 2 (build target(s)).
     1>InitializeBuildStatus:
         Touching "Release\SimulationGUI.unsuccessfulbuild".
       CustomBuild:
         Moc'ing simulationgui.h...
         Uic'ing simulationgui.ui...
         Moc'ing AccurateTimer.h...
         Rcc'ing simulationgui.qrc...
     1>RCC : warning : No resources in 'D:\Projects\GUIProject\SimulationGUI\simulationgui.qrc'.
         
       ClCompile:
         C:\Program Files (x86)\Microsoft Visual Studio 10.0\VC\bin\CL.exe /c /I.\GeneratedFiles /I. /ID:\Libraries\Qt\include /I.\GeneratedFiles\Release /ID:\Libraries\Qt\include\QtCore /ID:\Libraries\Qt\include\QtGui /ID:\Libraries\Qt\include\QtOpenGL /nologo /W1 /WX- /O2 /Oy- /D UNICODE /D WIN32 /D QT_LARGEFILE_SUPPORT /D QT_DLL /D QT_NO_DEBUG /D NDEBUG /D QT_CORE_LIB /D QT_GUI_LIB /D QT_OPENGL_LIB /Gm- /EHsc /MD /GS /fp:precise /Zc:wchar_t- /Zc:forScope /Fo"Release\\" /Fd"Release\vc100.pdb" /Gd /TP /analyze- /errorReport:prompt AccurateTimer.cpp GeneratedFiles\Release\moc_AccurateTimer.cpp GeneratedFiles\Release\moc_simulationgui.cpp main.cpp PrecompiledHeader.cpp SimulationController.cpp simulationgui.cpp
         AccurateTimer.cpp
     1>d:\projects\guiproject\simulationgui\PrecompiledHeader.h(30): fatal error C1083: Cannot open include file: 'boost/property_tree/ptree.hpp': No such file or directory
         moc_AccurateTimer.cpp
     1>d:\projects\guiproject\simulationgui\PrecompiledHeader.h(30): fatal error C1083: Cannot open include file: 'boost/property_tree/ptree.hpp': No such file or directory
         moc_simulationgui.cpp
     1>d:\projects\guiproject\simulationgui\PrecompiledHeader.h(30): fatal error C1083: Cannot open include file: 'boost/property_tree/ptree.hpp': No such file or directory
         main.cpp
     1>d:\projects\guiproject\simulationgui\PrecompiledHeader.h(30): fatal error C1083: Cannot open include file: 'boost/property_tree/ptree.hpp': No such file or directory
         PrecompiledHeader.cpp
     1>d:\projects\guiproject\simulationgui\PrecompiledHeader.h(30): fatal error C1083: Cannot open include file: 'boost/property_tree/ptree.hpp': No such file or directory
         SimulationController.cpp
     1>d:\projects\guiproject\simulationgui\PrecompiledHeader.h(30): fatal error C1083: Cannot open include file: 'boost/property_tree/ptree.hpp': No such file or directory
         simulationgui.cpp
     1>d:\projects\guiproject\simulationgui\PrecompiledHeader.h(30): fatal error C1083: Cannot open include file: 'boost/property_tree/ptree.hpp': No such file or directory
         Generating Code...
     1>Done Building Project "D:\Projects\GUIProject\SimulationGUI\SimulationGUI.vcxproj" (build target(s)) -- FAILED.

Build FAILED.

Time Elapsed 00:00:18.74
